<?xml version="1.0" encoding="UTF-8"?>
<!-- Generated by org.testng.reporters.JUnitReportReporter -->
<testsuite hostname="LAPTOP-RDTQU80S" name="testcases.Testcases" tests="1" failures="0" timestamp="6 Nov 2018 08:09:42 GMT" time="42.710" errors="0">
  <testcase name="setup" time="42.710" classname="testcases.Testcases"/>
</testsuite> <!-- testcases.Testcases -->
